<?xml version="1.0" encoding="UTF-8"?>
<coverage generated="1516204736376" clover="3.2.0">
  <project timestamp="1516204736376" name="All files">
    <metrics statements="118" coveredstatements="89" conditionals="44" coveredconditionals="42" methods="58" coveredmethods="15" elements="220" coveredelements="146" complexity="0" loc="118" ncloc="118" packages="7" files="11" classes="11">
      <package name="jest">
        <metrics statements="25" coveredstatements="5" conditionals="0" coveredconditionals="0" methods="39" coveredmethods="2"/>
        <file name="setup.js" path="/Users/Martin/Documents/MWE/el-native/jest/setup.js">
          <metrics statements="25" coveredstatements="5" conditionals="0" coveredconditionals="0" methods="39" coveredmethods="2"/>
          <line num="1" count="5" type="stmt"/>
          <line num="8" count="5" type="stmt"/>
          <line num="16" count="0" type="stmt"/>
          <line num="17" count="0" type="stmt"/>
          <line num="18" count="0" type="stmt"/>
          <line num="19" count="0" type="stmt"/>
          <line num="20" count="0" type="stmt"/>
          <line num="21" count="0" type="stmt"/>
          <line num="46" count="0" type="stmt"/>
          <line num="61" count="0" type="stmt"/>
          <line num="67" count="0" type="stmt"/>
          <line num="78" count="0" type="stmt"/>
          <line num="82" count="0" type="stmt"/>
          <line num="94" count="0" type="stmt"/>
          <line num="99" count="0" type="stmt"/>
          <line num="115" count="0" type="stmt"/>
          <line num="118" count="0" type="stmt"/>
          <line num="120" count="0" type="stmt"/>
          <line num="121" count="0" type="stmt"/>
          <line num="123" count="0" type="stmt"/>
          <line num="125" count="0" type="stmt"/>
          <line num="195" count="5" type="stmt"/>
          <line num="196" count="130" type="stmt"/>
          <line num="197" count="130" type="stmt"/>
          <line num="199" count="0" type="stmt"/>
        </file>
      </package>
      <package name="src.Avatar">
        <metrics statements="13" coveredstatements="13" conditionals="14" coveredconditionals="14" methods="2" coveredmethods="2"/>
        <file name="Avatar.js" path="/Users/Martin/Documents/MWE/el-native/src/Avatar/Avatar.js">
          <metrics statements="12" coveredstatements="12" conditionals="14" coveredconditionals="14" methods="2" coveredmethods="2"/>
          <line num="7" count="1" type="stmt"/>
          <line num="38" count="1" type="stmt"/>
          <line num="47" count="1" type="stmt"/>
          <line num="48" count="13" type="cond" truecount="2" falsecount="0"/>
          <line num="49" count="5" type="stmt"/>
          <line num="50" count="8" type="cond" truecount="2" falsecount="0"/>
          <line num="51" count="4" type="stmt"/>
          <line num="53" count="4" type="stmt"/>
          <line num="60" count="1" type="stmt"/>
          <line num="61" count="13" type="stmt"/>
          <line num="73" count="1" type="stmt"/>
          <line num="74" count="1" type="stmt"/>
        </file>
        <file name="placeholderImage.png" path="/Users/Martin/Documents/MWE/el-native/src/Avatar/placeholderImage.png">
          <metrics statements="1" coveredstatements="1" conditionals="0" coveredconditionals="0" methods="0" coveredmethods="0"/>
          <line num="1" count="1" type="stmt"/>
        </file>
        <file name="styles.js" path="/Users/Martin/Documents/MWE/el-native/src/Avatar/styles.js">
          <metrics statements="0" coveredstatements="0" conditionals="0" coveredconditionals="0" methods="0" coveredmethods="0"/>
        </file>
      </package>
      <package name="src.Divider">
        <metrics statements="9" coveredstatements="9" conditionals="4" coveredconditionals="4" methods="1" coveredmethods="1"/>
        <file name="Divider.js" path="/Users/Martin/Documents/MWE/el-native/src/Divider/Divider.js">
          <metrics statements="9" coveredstatements="9" conditionals="4" coveredconditionals="4" methods="1" coveredmethods="1"/>
          <line num="6" count="1" type="stmt"/>
          <line num="11" count="1" type="stmt"/>
          <line num="18" count="1" type="stmt"/>
          <line num="32" count="1" type="stmt"/>
          <line num="46" count="1" type="stmt"/>
          <line num="55" count="1" type="stmt"/>
          <line num="56" count="5" type="cond" truecount="2" falsecount="0"/>
          <line num="67" count="1" type="stmt"/>
          <line num="68" count="1" type="stmt"/>
        </file>
      </package>
      <package name="src.Map">
        <metrics statements="27" coveredstatements="18" conditionals="12" coveredconditionals="10" methods="8" coveredmethods="3"/>
        <file name="Map.js" path="/Users/Martin/Documents/MWE/el-native/src/Map/Map.js">
          <metrics statements="27" coveredstatements="18" conditionals="12" coveredconditionals="10" methods="8" coveredmethods="3"/>
          <line num="17" count="1" type="stmt"/>
          <line num="46" count="1" type="stmt"/>
          <line num="61" count="5" type="stmt"/>
          <line num="63" count="5" type="stmt"/>
          <line num="68" count="5" type="stmt"/>
          <line num="69" count="5" type="stmt"/>
          <line num="70" count="5" type="stmt"/>
          <line num="71" count="5" type="stmt"/>
          <line num="78" count="5" type="stmt"/>
          <line num="79" count="5" type="stmt"/>
          <line num="80" count="5" type="stmt"/>
          <line num="83" count="5" type="stmt"/>
          <line num="84" count="0" type="stmt"/>
          <line num="85" count="0" type="stmt"/>
          <line num="87" count="0" type="stmt"/>
          <line num="92" count="0" type="stmt"/>
          <line num="93" count="0" type="cond" truecount="0" falsecount="2"/>
          <line num="94" count="0" type="stmt"/>
          <line num="95" count="0" type="stmt"/>
          <line num="97" count="0" type="stmt"/>
          <line num="98" count="0" type="stmt"/>
          <line num="101" count="5" type="cond" truecount="4" falsecount="0"/>
          <line num="103" count="5" type="stmt"/>
          <line num="104" count="5" type="stmt"/>
          <line num="115" count="5" type="stmt"/>
          <line num="128" count="1" type="stmt"/>
          <line num="129" count="1" type="stmt"/>
        </file>
        <file name="styles.js" path="/Users/Martin/Documents/MWE/el-native/src/Map/styles.js">
          <metrics statements="0" coveredstatements="0" conditionals="0" coveredconditionals="0" methods="0" coveredmethods="0"/>
        </file>
      </package>
      <package name="src.Switch">
        <metrics statements="6" coveredstatements="6" conditionals="4" coveredconditionals="4" methods="2" coveredmethods="1"/>
        <file name="Switch.js" path="/Users/Martin/Documents/MWE/el-native/src/Switch/Switch.js">
          <metrics statements="6" coveredstatements="6" conditionals="4" coveredconditionals="4" methods="2" coveredmethods="1"/>
          <line num="5" count="1" type="stmt"/>
          <line num="28" count="1" type="stmt"/>
          <line num="45" count="1" type="stmt"/>
          <line num="46" count="6" type="stmt"/>
          <line num="55" count="1" type="stmt"/>
          <line num="56" count="1" type="stmt"/>
        </file>
      </package>
      <package name="src.Typography">
        <metrics statements="38" coveredstatements="38" conditionals="10" coveredconditionals="10" methods="6" coveredmethods="6"/>
        <file name="Typography.js" path="/Users/Martin/Documents/MWE/el-native/src/Typography/Typography.js">
          <metrics statements="35" coveredstatements="35" conditionals="10" coveredconditionals="10" methods="6" coveredmethods="6"/>
          <line num="7" count="1" type="stmt"/>
          <line num="21" count="1" type="stmt"/>
          <line num="25" count="1" type="stmt"/>
          <line num="39" count="1" type="stmt"/>
          <line num="43" count="1" type="stmt"/>
          <line num="57" count="1" type="stmt"/>
          <line num="61" count="1" type="stmt"/>
          <line num="75" count="1" type="stmt"/>
          <line num="79" count="1" type="stmt"/>
          <line num="93" count="1" type="stmt"/>
          <line num="97" count="1" type="stmt"/>
          <line num="107" count="1" type="stmt"/>
          <line num="114" count="1" type="stmt"/>
          <line num="115" count="3" type="stmt"/>
          <line num="124" count="1" type="stmt"/>
          <line num="125" count="3" type="stmt"/>
          <line num="134" count="1" type="stmt"/>
          <line num="135" count="3" type="stmt"/>
          <line num="144" count="1" type="stmt"/>
          <line num="145" count="3" type="stmt"/>
          <line num="154" count="1" type="stmt"/>
          <line num="155" count="3" type="stmt"/>
          <line num="164" count="3" type="stmt"/>
          <line num="166" count="1" type="stmt"/>
          <line num="167" count="1" type="stmt"/>
          <line num="168" count="1" type="stmt"/>
          <line num="169" count="1" type="stmt"/>
          <line num="170" count="1" type="stmt"/>
          <line num="171" count="1" type="stmt"/>
          <line num="172" count="1" type="stmt"/>
          <line num="173" count="1" type="stmt"/>
          <line num="174" count="1" type="stmt"/>
          <line num="175" count="1" type="stmt"/>
          <line num="176" count="1" type="stmt"/>
          <line num="177" count="1" type="stmt"/>
        </file>
        <file name="styles.js" path="/Users/Martin/Documents/MWE/el-native/src/Typography/styles.js">
          <metrics statements="3" coveredstatements="3" conditionals="0" coveredconditionals="0" methods="0" coveredmethods="0"/>
          <line num="1" count="1" type="stmt"/>
          <line num="2" count="1" type="stmt"/>
          <line num="3" count="1" type="stmt"/>
        </file>
      </package>
      <package name="src.styles">
        <metrics statements="0" coveredstatements="0" conditionals="0" coveredconditionals="0" methods="0" coveredmethods="0"/>
        <file name="colors.js" path="/Users/Martin/Documents/MWE/el-native/src/styles/colors.js">
          <metrics statements="0" coveredstatements="0" conditionals="0" coveredconditionals="0" methods="0" coveredmethods="0"/>
        </file>
      </package>
    </metrics>
  </project>
</coverage>
