{"/Users/Martin/Documents/MWE/el-native/jest/setup.js": {"path":"/Users/Martin/Documents/MWE/el-native/jest/setup.js","statementMap":{"0":{"start":{"line":1,"column":0},"end":{"line":7,"column":4}},"1":{"start":{"line":1,"column":28},"end":{"line":7,"column":1}},"2":{"start":{"line":8,"column":26},"end":{"line":193,"column":1}},"3":{"start":{"line":16,"column":42},"end":{"line":16,"column":84}},"4":{"start":{"line":16,"column":65},"end":{"line":16,"column":83}},"5":{"start":{"line":17,"column":45},"end":{"line":17,"column":83}},"6":{"start":{"line":17,"column":68},"end":{"line":17,"column":82}},"7":{"start":{"line":18,"column":45},"end":{"line":18,"column":83}},"8":{"start":{"line":18,"column":68},"end":{"line":18,"column":82}},"9":{"start":{"line":19,"column":47},"end":{"line":19,"column":85}},"10":{"start":{"line":19,"column":70},"end":{"line":19,"column":84}},"11":{"start":{"line":20,"column":31},"end":{"line":20,"column":69}},"12":{"start":{"line":20,"column":54},"end":{"line":20,"column":68}},"13":{"start":{"line":21,"column":36},"end":{"line":21,"column":78}},"14":{"start":{"line":21,"column":59},"end":{"line":21,"column":77}},"15":{"start":{"line":46,"column":64},"end":{"line":46,"column":74}},"16":{"start":{"line":61,"column":12},"end":{"line":61,"column":60}},"17":{"start":{"line":61,"column":31},"end":{"line":61,"column":58}},"18":{"start":{"line":67,"column":24},"end":{"line":67,"column":65}},"19":{"start":{"line":67,"column":47},"end":{"line":67,"column":64}},"20":{"start":{"line":78,"column":12},"end":{"line":78,"column":49}},"21":{"start":{"line":78,"column":35},"end":{"line":78,"column":48}},"22":{"start":{"line":82,"column":12},"end":{"line":82,"column":45}},"23":{"start":{"line":82,"column":35},"end":{"line":82,"column":44}},"24":{"start":{"line":94,"column":12},"end":{"line":94,"column":45}},"25":{"start":{"line":94,"column":35},"end":{"line":94,"column":44}},"26":{"start":{"line":99,"column":14},"end":{"line":99,"column":47}},"27":{"start":{"line":99,"column":37},"end":{"line":99,"column":46}},"28":{"start":{"line":115,"column":45},"end":{"line":115,"column":71}},"29":{"start":{"line":115,"column":68},"end":{"line":115,"column":70}},"30":{"start":{"line":118,"column":55},"end":{"line":118,"column":90}},"31":{"start":{"line":118,"column":78},"end":{"line":118,"column":89}},"32":{"start":{"line":120,"column":56},"end":{"line":120,"column":90}},"33":{"start":{"line":120,"column":79},"end":{"line":120,"column":89}},"34":{"start":{"line":121,"column":38},"end":{"line":121,"column":96}},"35":{"start":{"line":123,"column":42},"end":{"line":124,"column":49}},"36":{"start":{"line":123,"column":65},"end":{"line":124,"column":48}},"37":{"start":{"line":125,"column":42},"end":{"line":125,"column":63}},"38":{"start":{"line":195,"column":0},"end":{"line":201,"column":3}},"39":{"start":{"line":196,"column":2},"end":{"line":200,"column":3}},"40":{"start":{"line":197,"column":4},"end":{"line":197,"column":57}},"41":{"start":{"line":197,"column":30},"end":{"line":197,"column":55}},"42":{"start":{"line":199,"column":4},"end":{"line":199,"column":76}},"43":{"start":{"line":199,"column":30},"end":{"line":199,"column":55}}},"fnMap":{"0":{"name":"(anonymous_0)","decl":{"start":{"line":1,"column":21},"end":{"line":1,"column":22}},"loc":{"start":{"line":1,"column":28},"end":{"line":7,"column":1}},"line":1},"1":{"name":"(anonymous_1)","decl":{"start":{"line":16,"column":22},"end":{"line":16,"column":23}},"loc":{"start":{"line":16,"column":42},"end":{"line":16,"column":84}},"line":16},"2":{"name":"(anonymous_2)","decl":{"start":{"line":16,"column":59},"end":{"line":16,"column":60}},"loc":{"start":{"line":16,"column":65},"end":{"line":16,"column":83}},"line":16},"3":{"name":"(anonymous_3)","decl":{"start":{"line":17,"column":22},"end":{"line":17,"column":23}},"loc":{"start":{"line":17,"column":45},"end":{"line":17,"column":83}},"line":17},"4":{"name":"(anonymous_4)","decl":{"start":{"line":17,"column":62},"end":{"line":17,"column":63}},"loc":{"start":{"line":17,"column":68},"end":{"line":17,"column":82}},"line":17},"5":{"name":"(anonymous_5)","decl":{"start":{"line":18,"column":25},"end":{"line":18,"column":26}},"loc":{"start":{"line":18,"column":45},"end":{"line":18,"column":83}},"line":18},"6":{"name":"(anonymous_6)","decl":{"start":{"line":18,"column":62},"end":{"line":18,"column":63}},"loc":{"start":{"line":18,"column":68},"end":{"line":18,"column":82}},"line":18},"7":{"name":"(anonymous_7)","decl":{"start":{"line":19,"column":24},"end":{"line":19,"column":25}},"loc":{"start":{"line":19,"column":47},"end":{"line":19,"column":85}},"line":19},"8":{"name":"(anonymous_8)","decl":{"start":{"line":19,"column":64},"end":{"line":19,"column":65}},"loc":{"start":{"line":19,"column":70},"end":{"line":19,"column":84}},"line":19},"9":{"name":"(anonymous_9)","decl":{"start":{"line":20,"column":19},"end":{"line":20,"column":20}},"loc":{"start":{"line":20,"column":31},"end":{"line":20,"column":69}},"line":20},"10":{"name":"(anonymous_10)","decl":{"start":{"line":20,"column":48},"end":{"line":20,"column":49}},"loc":{"start":{"line":20,"column":54},"end":{"line":20,"column":68}},"line":20},"11":{"name":"(anonymous_11)","decl":{"start":{"line":21,"column":24},"end":{"line":21,"column":25}},"loc":{"start":{"line":21,"column":36},"end":{"line":21,"column":78}},"line":21},"12":{"name":"(anonymous_12)","decl":{"start":{"line":21,"column":53},"end":{"line":21,"column":54}},"loc":{"start":{"line":21,"column":59},"end":{"line":21,"column":77}},"line":21},"13":{"name":"(anonymous_13)","decl":{"start":{"line":46,"column":28},"end":{"line":46,"column":29}},"loc":{"start":{"line":46,"column":64},"end":{"line":46,"column":74}},"line":46},"14":{"name":"(anonymous_14)","decl":{"start":{"line":61,"column":6},"end":{"line":61,"column":7}},"loc":{"start":{"line":61,"column":12},"end":{"line":61,"column":60}},"line":61},"15":{"name":"(anonymous_15)","decl":{"start":{"line":61,"column":24},"end":{"line":61,"column":25}},"loc":{"start":{"line":61,"column":31},"end":{"line":61,"column":58}},"line":61},"16":{"name":"(anonymous_16)","decl":{"start":{"line":67,"column":6},"end":{"line":67,"column":7}},"loc":{"start":{"line":67,"column":24},"end":{"line":67,"column":65}},"line":67},"17":{"name":"(anonymous_17)","decl":{"start":{"line":67,"column":41},"end":{"line":67,"column":42}},"loc":{"start":{"line":67,"column":47},"end":{"line":67,"column":64}},"line":67},"18":{"name":"(anonymous_18)","decl":{"start":{"line":78,"column":6},"end":{"line":78,"column":7}},"loc":{"start":{"line":78,"column":12},"end":{"line":78,"column":49}},"line":78},"19":{"name":"(anonymous_19)","decl":{"start":{"line":78,"column":24},"end":{"line":78,"column":25}},"loc":{"start":{"line":78,"column":35},"end":{"line":78,"column":48}},"line":78},"20":{"name":"(anonymous_20)","decl":{"start":{"line":82,"column":6},"end":{"line":82,"column":7}},"loc":{"start":{"line":82,"column":12},"end":{"line":82,"column":45}},"line":82},"21":{"name":"(anonymous_21)","decl":{"start":{"line":82,"column":24},"end":{"line":82,"column":25}},"loc":{"start":{"line":82,"column":35},"end":{"line":82,"column":44}},"line":82},"22":{"name":"(anonymous_22)","decl":{"start":{"line":94,"column":6},"end":{"line":94,"column":7}},"loc":{"start":{"line":94,"column":12},"end":{"line":94,"column":45}},"line":94},"23":{"name":"(anonymous_23)","decl":{"start":{"line":94,"column":24},"end":{"line":94,"column":25}},"loc":{"start":{"line":94,"column":35},"end":{"line":94,"column":44}},"line":94},"24":{"name":"(anonymous_24)","decl":{"start":{"line":99,"column":8},"end":{"line":99,"column":9}},"loc":{"start":{"line":99,"column":14},"end":{"line":99,"column":47}},"line":99},"25":{"name":"(anonymous_25)","decl":{"start":{"line":99,"column":26},"end":{"line":99,"column":27}},"loc":{"start":{"line":99,"column":37},"end":{"line":99,"column":46}},"line":99},"26":{"name":"(anonymous_26)","decl":{"start":{"line":115,"column":39},"end":{"line":115,"column":40}},"loc":{"start":{"line":115,"column":45},"end":{"line":115,"column":71}},"line":115},"27":{"name":"(anonymous_27)","decl":{"start":{"line":115,"column":62},"end":{"line":115,"column":63}},"loc":{"start":{"line":115,"column":68},"end":{"line":115,"column":70}},"line":115},"28":{"name":"(anonymous_28)","decl":{"start":{"line":118,"column":43},"end":{"line":118,"column":44}},"loc":{"start":{"line":118,"column":55},"end":{"line":118,"column":90}},"line":118},"29":{"name":"(anonymous_29)","decl":{"start":{"line":118,"column":72},"end":{"line":118,"column":73}},"loc":{"start":{"line":118,"column":78},"end":{"line":118,"column":89}},"line":118},"30":{"name":"(anonymous_30)","decl":{"start":{"line":120,"column":44},"end":{"line":120,"column":45}},"loc":{"start":{"line":120,"column":56},"end":{"line":120,"column":90}},"line":120},"31":{"name":"(anonymous_31)","decl":{"start":{"line":120,"column":73},"end":{"line":120,"column":74}},"loc":{"start":{"line":120,"column":79},"end":{"line":120,"column":89}},"line":120},"32":{"name":"(anonymous_32)","decl":{"start":{"line":121,"column":32},"end":{"line":121,"column":33}},"loc":{"start":{"line":121,"column":38},"end":{"line":121,"column":96}},"line":121},"33":{"name":"(anonymous_33)","decl":{"start":{"line":123,"column":30},"end":{"line":123,"column":31}},"loc":{"start":{"line":123,"column":42},"end":{"line":124,"column":49}},"line":123},"34":{"name":"(anonymous_34)","decl":{"start":{"line":123,"column":59},"end":{"line":123,"column":60}},"loc":{"start":{"line":123,"column":65},"end":{"line":124,"column":48}},"line":123},"35":{"name":"(anonymous_35)","decl":{"start":{"line":125,"column":36},"end":{"line":125,"column":37}},"loc":{"start":{"line":125,"column":42},"end":{"line":125,"column":63}},"line":125},"36":{"name":"(anonymous_36)","decl":{"start":{"line":195,"column":39},"end":{"line":195,"column":40}},"loc":{"start":{"line":195,"column":51},"end":{"line":201,"column":1}},"line":195},"37":{"name":"(anonymous_37)","decl":{"start":{"line":197,"column":24},"end":{"line":197,"column":25}},"loc":{"start":{"line":197,"column":30},"end":{"line":197,"column":55}},"line":197},"38":{"name":"(anonymous_38)","decl":{"start":{"line":199,"column":24},"end":{"line":199,"column":25}},"loc":{"start":{"line":199,"column":30},"end":{"line":199,"column":55}},"line":199}},"branchMap":{},"s":{"0":3,"1":0,"2":3,"3":0,"4":0,"5":0,"6":0,"7":0,"8":0,"9":0,"10":0,"11":0,"12":0,"13":0,"14":0,"15":0,"16":0,"17":0,"18":0,"19":0,"20":0,"21":0,"22":0,"23":0,"24":0,"25":0,"26":0,"27":0,"28":0,"29":0,"30":0,"31":0,"32":0,"33":0,"34":0,"35":0,"36":0,"37":0,"38":3,"39":78,"40":78,"41":5,"42":0,"43":0},"f":{"0":0,"1":0,"2":0,"3":0,"4":0,"5":0,"6":0,"7":0,"8":0,"9":0,"10":0,"11":0,"12":0,"13":0,"14":0,"15":0,"16":0,"17":0,"18":0,"19":0,"20":0,"21":0,"22":0,"23":0,"24":0,"25":0,"26":0,"27":0,"28":0,"29":0,"30":0,"31":0,"32":0,"33":0,"34":0,"35":0,"36":78,"37":5,"38":0},"b":{},"_coverageSchema":"332fd63041d2c1bcb487cc26dd0d5f7d97098a6c","hash":"bc41cdefb9ba9c0c4fafd3322b00a71781220560"}
,"/Users/Martin/Documents/MWE/el-native/src/Divider/Divider.js": {"path":"/Users/Martin/Documents/MWE/el-native/src/Divider/Divider.js","statementMap":{"0":{"start":{"line":6,"column":15},"end":{"line":9,"column":1}},"1":{"start":{"line":11,"column":17},"end":{"line":16,"column":1}},"2":{"start":{"line":18,"column":15},"end":{"line":30,"column":2}},"3":{"start":{"line":32,"column":18},"end":{"line":45,"column":1}},"4":{"start":{"line":46,"column":21},"end":{"line":50,"column":1}},"5":{"start":{"line":55,"column":16},"end":{"line":65,"column":1}},"6":{"start":{"line":56,"column":2},"end":{"line":64,"column":9}},"7":{"start":{"line":67,"column":0},"end":{"line":67,"column":30}},"8":{"start":{"line":68,"column":0},"end":{"line":68,"column":36}}},"fnMap":{"0":{"name":"(anonymous_0)","decl":{"start":{"line":55,"column":16},"end":{"line":55,"column":17}},"loc":{"start":{"line":56,"column":2},"end":{"line":64,"column":9}},"line":56}},"branchMap":{"0":{"loc":{"start":{"line":56,"column":39},"end":{"line":56,"column":86}},"type":"binary-expr","locations":[{"start":{"line":56,"column":39},"end":{"line":56,"column":50}},{"start":{"line":56,"column":54},"end":{"line":56,"column":86}}],"line":56},"1":{"loc":{"start":{"line":60,"column":8},"end":{"line":60,"column":69}},"type":"binary-expr","locations":[{"start":{"line":60,"column":8},"end":{"line":60,"column":26}},{"start":{"line":60,"column":30},"end":{"line":60,"column":69}}],"line":60}},"s":{"0":1,"1":1,"2":1,"3":1,"4":1,"5":1,"6":5,"7":1,"8":1},"f":{"0":5},"b":{"0":[5,1],"1":[5,1]},"_coverageSchema":"332fd63041d2c1bcb487cc26dd0d5f7d97098a6c","hash":"e96b2553938860933d808e4ffded7e2dc11de62e"}
,"/Users/Martin/Documents/MWE/el-native/src/Map/Map.js": {"path":"/Users/Martin/Documents/MWE/el-native/src/Map/Map.js","statementMap":{"0":{"start":{"line":17,"column":18},"end":{"line":44,"column":1}},"1":{"start":{"line":46,"column":21},"end":{"line":55,"column":1}},"2":{"start":{"line":61,"column":15},"end":{"line":61,"column":39}},"3":{"start":{"line":63,"column":29},"end":{"line":66,"column":3}},"4":{"start":{"line":68,"column":29},"end":{"line":81,"column":3}},"5":{"start":{"line":69,"column":20},"end":{"line":69,"column":68}},"6":{"start":{"line":70,"column":19},"end":{"line":70,"column":31}},"7":{"start":{"line":71,"column":19},"end":{"line":77,"column":5}},"8":{"start":{"line":78,"column":18},"end":{"line":78,"column":67}},"9":{"start":{"line":79,"column":16},"end":{"line":79,"column":37}},"10":{"start":{"line":80,"column":4},"end":{"line":80,"column":15}},"11":{"start":{"line":83,"column":24},"end":{"line":99,"column":3}},"12":{"start":{"line":84,"column":24},"end":{"line":84,"column":110}},"13":{"start":{"line":84,"column":30},"end":{"line":84,"column":110}},"14":{"start":{"line":85,"column":28},"end":{"line":85,"column":76}},"15":{"start":{"line":85,"column":34},"end":{"line":85,"column":76}},"16":{"start":{"line":87,"column":16},"end":{"line":90,"column":8}},"17":{"start":{"line":92,"column":4},"end":{"line":98,"column":61}},"18":{"start":{"line":93,"column":6},"end":{"line":96,"column":7}},"19":{"start":{"line":94,"column":8},"end":{"line":94,"column":50}},"20":{"start":{"line":95,"column":8},"end":{"line":95,"column":15}},"21":{"start":{"line":97,"column":6},"end":{"line":97,"column":27}},"22":{"start":{"line":98,"column":20},"end":{"line":98,"column":59}},"23":{"start":{"line":101,"column":18},"end":{"line":101,"column":104}},"24":{"start":{"line":103,"column":23},"end":{"line":113,"column":3}},"25":{"start":{"line":104,"column":4},"end":{"line":112,"column":25}},"26":{"start":{"line":115,"column":2},"end":{"line":125,"column":4}},"27":{"start":{"line":128,"column":0},"end":{"line":128,"column":26}},"28":{"start":{"line":129,"column":0},"end":{"line":129,"column":32}}},"fnMap":{"0":{"name":"Map","decl":{"start":{"line":60,"column":24},"end":{"line":60,"column":27}},"loc":{"start":{"line":60,"column":35},"end":{"line":126,"column":1}},"line":60},"1":{"name":"(anonymous_1)","decl":{"start":{"line":68,"column":29},"end":{"line":68,"column":30}},"loc":{"start":{"line":68,"column":35},"end":{"line":81,"column":3}},"line":68},"2":{"name":"(anonymous_2)","decl":{"start":{"line":83,"column":24},"end":{"line":83,"column":25}},"loc":{"start":{"line":83,"column":30},"end":{"line":99,"column":3}},"line":83},"3":{"name":"(anonymous_3)","decl":{"start":{"line":84,"column":24},"end":{"line":84,"column":25}},"loc":{"start":{"line":84,"column":30},"end":{"line":84,"column":110}},"line":84},"4":{"name":"(anonymous_4)","decl":{"start":{"line":85,"column":28},"end":{"line":85,"column":29}},"loc":{"start":{"line":85,"column":34},"end":{"line":85,"column":76}},"line":85},"5":{"name":"(anonymous_5)","decl":{"start":{"line":92,"column":33},"end":{"line":92,"column":34}},"loc":{"start":{"line":92,"column":48},"end":{"line":98,"column":5}},"line":92},"6":{"name":"(anonymous_6)","decl":{"start":{"line":98,"column":13},"end":{"line":98,"column":14}},"loc":{"start":{"line":98,"column":20},"end":{"line":98,"column":59}},"line":98},"7":{"name":"(anonymous_7)","decl":{"start":{"line":103,"column":23},"end":{"line":103,"column":24}},"loc":{"start":{"line":104,"column":4},"end":{"line":112,"column":25}},"line":104}},"branchMap":{"0":{"loc":{"start":{"line":64,"column":22},"end":{"line":64,"column":47}},"type":"binary-expr","locations":[{"start":{"line":64,"column":22},"end":{"line":64,"column":33}},{"start":{"line":64,"column":37},"end":{"line":64,"column":47}}],"line":64},"1":{"loc":{"start":{"line":65,"column":23},"end":{"line":65,"column":59}},"type":"binary-expr","locations":[{"start":{"line":65,"column":23},"end":{"line":65,"column":35}},{"start":{"line":65,"column":39},"end":{"line":65,"column":59}}],"line":65},"2":{"loc":{"start":{"line":93,"column":6},"end":{"line":96,"column":7}},"type":"if","locations":[{"start":{"line":93,"column":6},"end":{"line":96,"column":7}},{"start":{"line":93,"column":6},"end":{"line":96,"column":7}}],"line":93},"3":{"loc":{"start":{"line":101,"column":18},"end":{"line":101,"column":104}},"type":"cond-expr","locations":[{"start":{"line":101,"column":75},"end":{"line":101,"column":88}},{"start":{"line":101,"column":91},"end":{"line":101,"column":104}}],"line":101},"4":{"loc":{"start":{"line":101,"column":19},"end":{"line":101,"column":71}},"type":"binary-expr","locations":[{"start":{"line":101,"column":19},"end":{"line":101,"column":32}},{"start":{"line":101,"column":36},"end":{"line":101,"column":71}}],"line":101},"5":{"loc":{"start":{"line":110,"column":9},"end":{"line":110,"column":46}},"type":"binary-expr","locations":[{"start":{"line":110,"column":9},"end":{"line":110,"column":21}},{"start":{"line":110,"column":25},"end":{"line":110,"column":46}}],"line":110}},"s":{"0":1,"1":1,"2":5,"3":5,"4":5,"5":5,"6":5,"7":5,"8":5,"9":5,"10":5,"11":5,"12":0,"13":0,"14":0,"15":0,"16":0,"17":0,"18":0,"19":0,"20":0,"21":0,"22":0,"23":5,"24":5,"25":5,"26":5,"27":1,"28":1},"f":{"0":5,"1":5,"2":0,"3":0,"4":0,"5":0,"6":0,"7":5},"b":{"0":[5,5],"1":[5,5],"2":[0,0],"3":[1,4],"4":[5,1],"5":[5,4]},"_coverageSchema":"332fd63041d2c1bcb487cc26dd0d5f7d97098a6c","hash":"5e6a8b10eac0916dd9336314a57e73b71acf7daf"}
,"/Users/Martin/Documents/MWE/el-native/src/Map/styles.js": {"path":"/Users/Martin/Documents/MWE/el-native/src/Map/styles.js","statementMap":{},"fnMap":{},"branchMap":{},"s":{},"f":{},"b":{},"_coverageSchema":"332fd63041d2c1bcb487cc26dd0d5f7d97098a6c","hash":"2a6be1722541b144efdbdfcec5ffdbe6a13339db"}
,"/Users/Martin/Documents/MWE/el-native/src/Typography/Typography.js": {"path":"/Users/Martin/Documents/MWE/el-native/src/Typography/Typography.js","statementMap":{"0":{"start":{"line":7,"column":20},"end":{"line":20,"column":1}},"1":{"start":{"line":21,"column":23},"end":{"line":24,"column":1}},"2":{"start":{"line":25,"column":20},"end":{"line":38,"column":1}},"3":{"start":{"line":39,"column":23},"end":{"line":42,"column":1}},"4":{"start":{"line":43,"column":20},"end":{"line":56,"column":1}},"5":{"start":{"line":57,"column":23},"end":{"line":60,"column":1}},"6":{"start":{"line":61,"column":20},"end":{"line":74,"column":1}},"7":{"start":{"line":75,"column":23},"end":{"line":78,"column":1}},"8":{"start":{"line":79,"column":20},"end":{"line":92,"column":1}},"9":{"start":{"line":93,"column":23},"end":{"line":96,"column":1}},"10":{"start":{"line":97,"column":22},"end":{"line":106,"column":1}},"11":{"start":{"line":107,"column":25},"end":{"line":109,"column":1}},"12":{"start":{"line":114,"column":11},"end":{"line":120,"column":1}},"13":{"start":{"line":115,"column":2},"end":{"line":119,"column":9}},"14":{"start":{"line":124,"column":11},"end":{"line":130,"column":1}},"15":{"start":{"line":125,"column":2},"end":{"line":129,"column":9}},"16":{"start":{"line":134,"column":11},"end":{"line":140,"column":1}},"17":{"start":{"line":135,"column":2},"end":{"line":139,"column":9}},"18":{"start":{"line":144,"column":11},"end":{"line":150,"column":1}},"19":{"start":{"line":145,"column":2},"end":{"line":149,"column":9}},"20":{"start":{"line":154,"column":11},"end":{"line":160,"column":1}},"21":{"start":{"line":155,"column":2},"end":{"line":159,"column":9}},"22":{"start":{"line":164,"column":18},"end":{"line":164,"column":99}},"23":{"start":{"line":164,"column":27},"end":{"line":164,"column":99}},"24":{"start":{"line":166,"column":0},"end":{"line":166,"column":27}},"25":{"start":{"line":167,"column":0},"end":{"line":167,"column":33}},"26":{"start":{"line":168,"column":0},"end":{"line":168,"column":27}},"27":{"start":{"line":169,"column":0},"end":{"line":169,"column":33}},"28":{"start":{"line":170,"column":0},"end":{"line":170,"column":27}},"29":{"start":{"line":171,"column":0},"end":{"line":171,"column":33}},"30":{"start":{"line":172,"column":0},"end":{"line":172,"column":27}},"31":{"start":{"line":173,"column":0},"end":{"line":173,"column":33}},"32":{"start":{"line":174,"column":0},"end":{"line":174,"column":27}},"33":{"start":{"line":175,"column":0},"end":{"line":175,"column":33}},"34":{"start":{"line":176,"column":0},"end":{"line":176,"column":36}},"35":{"start":{"line":177,"column":0},"end":{"line":177,"column":42}}},"fnMap":{"0":{"name":"(anonymous_0)","decl":{"start":{"line":114,"column":11},"end":{"line":114,"column":12}},"loc":{"start":{"line":115,"column":2},"end":{"line":119,"column":9}},"line":115},"1":{"name":"(anonymous_1)","decl":{"start":{"line":124,"column":11},"end":{"line":124,"column":12}},"loc":{"start":{"line":125,"column":2},"end":{"line":129,"column":9}},"line":125},"2":{"name":"(anonymous_2)","decl":{"start":{"line":134,"column":11},"end":{"line":134,"column":12}},"loc":{"start":{"line":135,"column":2},"end":{"line":139,"column":9}},"line":135},"3":{"name":"(anonymous_3)","decl":{"start":{"line":144,"column":11},"end":{"line":144,"column":12}},"loc":{"start":{"line":145,"column":2},"end":{"line":149,"column":9}},"line":145},"4":{"name":"(anonymous_4)","decl":{"start":{"line":154,"column":11},"end":{"line":154,"column":12}},"loc":{"start":{"line":155,"column":2},"end":{"line":159,"column":9}},"line":155},"5":{"name":"(anonymous_5)","decl":{"start":{"line":164,"column":18},"end":{"line":164,"column":19}},"loc":{"start":{"line":164,"column":27},"end":{"line":164,"column":99}},"line":164}},"branchMap":{"0":{"loc":{"start":{"line":116,"column":11},"end":{"line":116,"column":97}},"type":"cond-expr","locations":[{"start":{"line":116,"column":25},"end":{"line":116,"column":62}},{"start":{"line":116,"column":65},"end":{"line":116,"column":97}}],"line":116},"1":{"loc":{"start":{"line":126,"column":11},"end":{"line":126,"column":97}},"type":"cond-expr","locations":[{"start":{"line":126,"column":25},"end":{"line":126,"column":62}},{"start":{"line":126,"column":65},"end":{"line":126,"column":97}}],"line":126},"2":{"loc":{"start":{"line":136,"column":11},"end":{"line":136,"column":97}},"type":"cond-expr","locations":[{"start":{"line":136,"column":25},"end":{"line":136,"column":62}},{"start":{"line":136,"column":65},"end":{"line":136,"column":97}}],"line":136},"3":{"loc":{"start":{"line":146,"column":11},"end":{"line":146,"column":97}},"type":"cond-expr","locations":[{"start":{"line":146,"column":25},"end":{"line":146,"column":62}},{"start":{"line":146,"column":65},"end":{"line":146,"column":97}}],"line":146},"4":{"loc":{"start":{"line":156,"column":11},"end":{"line":156,"column":97}},"type":"cond-expr","locations":[{"start":{"line":156,"column":25},"end":{"line":156,"column":62}},{"start":{"line":156,"column":65},"end":{"line":156,"column":97}}],"line":156}},"s":{"0":1,"1":1,"2":1,"3":1,"4":1,"5":1,"6":1,"7":1,"8":1,"9":1,"10":1,"11":1,"12":1,"13":3,"14":1,"15":3,"16":1,"17":3,"18":1,"19":3,"20":1,"21":3,"22":1,"23":3,"24":1,"25":1,"26":1,"27":1,"28":1,"29":1,"30":1,"31":1,"32":1,"33":1,"34":1,"35":1},"f":{"0":3,"1":3,"2":3,"3":3,"4":3,"5":3},"b":{"0":[1,2],"1":[1,2],"2":[1,2],"3":[1,2],"4":[1,2]},"_coverageSchema":"332fd63041d2c1bcb487cc26dd0d5f7d97098a6c","hash":"d3976b8f09f691b46549c32952a441fcb55fa54b"}
,"/Users/Martin/Documents/MWE/el-native/src/Typography/styles.js": {"path":"/Users/Martin/Documents/MWE/el-native/src/Typography/styles.js","statementMap":{"0":{"start":{"line":1,"column":18},"end":{"line":1,"column":27}},"1":{"start":{"line":2,"column":22},"end":{"line":2,"column":31}},"2":{"start":{"line":3,"column":18},"end":{"line":3,"column":27}}},"fnMap":{},"branchMap":{},"s":{"0":1,"1":1,"2":1},"f":{},"b":{},"_coverageSchema":"332fd63041d2c1bcb487cc26dd0d5f7d97098a6c","hash":"3339e36ad5d10e761adc7364160a2e6263da4a6c"}
}
