TN:
SF:/Users/Martin/Documents/MWE/el-native/jest/setup.js
FN:1,(anonymous_0)
FN:16,(anonymous_1)
FN:16,(anonymous_2)
FN:17,(anonymous_3)
FN:17,(anonymous_4)
FN:18,(anonymous_5)
FN:18,(anonymous_6)
FN:19,(anonymous_7)
FN:19,(anonymous_8)
FN:20,(anonymous_9)
FN:20,(anonymous_10)
FN:21,(anonymous_11)
FN:21,(anonymous_12)
FN:46,(anonymous_13)
FN:61,(anonymous_14)
FN:61,(anonymous_15)
FN:67,(anonymous_16)
FN:67,(anonymous_17)
FN:78,(anonymous_18)
FN:78,(anonymous_19)
FN:82,(anonymous_20)
FN:82,(anonymous_21)
FN:94,(anonymous_22)
FN:94,(anonymous_23)
FN:99,(anonymous_24)
FN:99,(anonymous_25)
FN:115,(anonymous_26)
FN:115,(anonymous_27)
FN:118,(anonymous_28)
FN:118,(anonymous_29)
FN:120,(anonymous_30)
FN:120,(anonymous_31)
FN:121,(anonymous_32)
FN:123,(anonymous_33)
FN:123,(anonymous_34)
FN:125,(anonymous_35)
FN:195,(anonymous_36)
FN:197,(anonymous_37)
FN:199,(anonymous_38)
FNF:39
FNH:2
FNDA:0,(anonymous_0)
FNDA:0,(anonymous_1)
FNDA:0,(anonymous_2)
FNDA:0,(anonymous_3)
FNDA:0,(anonymous_4)
FNDA:0,(anonymous_5)
FNDA:0,(anonymous_6)
FNDA:0,(anonymous_7)
FNDA:0,(anonymous_8)
FNDA:0,(anonymous_9)
FNDA:0,(anonymous_10)
FNDA:0,(anonymous_11)
FNDA:0,(anonymous_12)
FNDA:0,(anonymous_13)
FNDA:0,(anonymous_14)
FNDA:0,(anonymous_15)
FNDA:0,(anonymous_16)
FNDA:0,(anonymous_17)
FNDA:0,(anonymous_18)
FNDA:0,(anonymous_19)
FNDA:0,(anonymous_20)
FNDA:0,(anonymous_21)
FNDA:0,(anonymous_22)
FNDA:0,(anonymous_23)
FNDA:0,(anonymous_24)
FNDA:0,(anonymous_25)
FNDA:0,(anonymous_26)
FNDA:0,(anonymous_27)
FNDA:0,(anonymous_28)
FNDA:0,(anonymous_29)
FNDA:0,(anonymous_30)
FNDA:0,(anonymous_31)
FNDA:0,(anonymous_32)
FNDA:0,(anonymous_33)
FNDA:0,(anonymous_34)
FNDA:0,(anonymous_35)
FNDA:78,(anonymous_36)
FNDA:5,(anonymous_37)
FNDA:0,(anonymous_38)
DA:1,3
DA:8,3
DA:16,0
DA:17,0
DA:18,0
DA:19,0
DA:20,0
DA:21,0
DA:46,0
DA:61,0
DA:67,0
DA:78,0
DA:82,0
DA:94,0
DA:99,0
DA:115,0
DA:118,0
DA:120,0
DA:121,0
DA:123,0
DA:125,0
DA:195,3
DA:196,78
DA:197,78
DA:199,0
LF:25
LH:5
BRF:0
BRH:0
end_of_record
TN:
SF:/Users/Martin/Documents/MWE/el-native/src/Divider/Divider.js
FN:55,(anonymous_0)
FNF:1
FNH:1
FNDA:5,(anonymous_0)
DA:6,1
DA:11,1
DA:18,1
DA:32,1
DA:46,1
DA:55,1
DA:56,5
DA:67,1
DA:68,1
LF:9
LH:9
BRDA:56,0,0,5
BRDA:56,0,1,1
BRDA:60,1,0,5
BRDA:60,1,1,1
BRF:4
BRH:4
end_of_record
TN:
SF:/Users/Martin/Documents/MWE/el-native/src/Map/Map.js
FN:60,Map
FN:68,(anonymous_1)
FN:83,(anonymous_2)
FN:84,(anonymous_3)
FN:85,(anonymous_4)
FN:92,(anonymous_5)
FN:98,(anonymous_6)
FN:103,(anonymous_7)
FNF:8
FNH:3
FNDA:5,Map
FNDA:5,(anonymous_1)
FNDA:0,(anonymous_2)
FNDA:0,(anonymous_3)
FNDA:0,(anonymous_4)
FNDA:0,(anonymous_5)
FNDA:0,(anonymous_6)
FNDA:5,(anonymous_7)
DA:17,1
DA:46,1
DA:61,5
DA:63,5
DA:68,5
DA:69,5
DA:70,5
DA:71,5
DA:78,5
DA:79,5
DA:80,5
DA:83,5
DA:84,0
DA:85,0
DA:87,0
DA:92,0
DA:93,0
DA:94,0
DA:95,0
DA:97,0
DA:98,0
DA:101,5
DA:103,5
DA:104,5
DA:115,5
DA:128,1
DA:129,1
LF:27
LH:18
BRDA:64,0,0,5
BRDA:64,0,1,5
BRDA:65,1,0,5
BRDA:65,1,1,5
BRDA:93,2,0,0
BRDA:93,2,1,0
BRDA:101,3,0,1
BRDA:101,3,1,4
BRDA:101,4,0,5
BRDA:101,4,1,1
BRDA:110,5,0,5
BRDA:110,5,1,4
BRF:12
BRH:10
end_of_record
TN:
SF:/Users/Martin/Documents/MWE/el-native/src/Map/styles.js
FNF:0
FNH:0
LF:0
LH:0
BRF:0
BRH:0
end_of_record
TN:
SF:/Users/Martin/Documents/MWE/el-native/src/Typography/Typography.js
FN:114,(anonymous_0)
FN:124,(anonymous_1)
FN:134,(anonymous_2)
FN:144,(anonymous_3)
FN:154,(anonymous_4)
FN:164,(anonymous_5)
FNF:6
FNH:6
FNDA:3,(anonymous_0)
FNDA:3,(anonymous_1)
FNDA:3,(anonymous_2)
FNDA:3,(anonymous_3)
FNDA:3,(anonymous_4)
FNDA:3,(anonymous_5)
DA:7,1
DA:21,1
DA:25,1
DA:39,1
DA:43,1
DA:57,1
DA:61,1
DA:75,1
DA:79,1
DA:93,1
DA:97,1
DA:107,1
DA:114,1
DA:115,3
DA:124,1
DA:125,3
DA:134,1
DA:135,3
DA:144,1
DA:145,3
DA:154,1
DA:155,3
DA:164,3
DA:166,1
DA:167,1
DA:168,1
DA:169,1
DA:170,1
DA:171,1
DA:172,1
DA:173,1
DA:174,1
DA:175,1
DA:176,1
DA:177,1
LF:35
LH:35
BRDA:116,0,0,1
BRDA:116,0,1,2
BRDA:126,1,0,1
BRDA:126,1,1,2
BRDA:136,2,0,1
BRDA:136,2,1,2
BRDA:146,3,0,1
BRDA:146,3,1,2
BRDA:156,4,0,1
BRDA:156,4,1,2
BRF:10
BRH:10
end_of_record
TN:
SF:/Users/Martin/Documents/MWE/el-native/src/Typography/styles.js
FNF:0
FNH:0
DA:1,1
DA:2,1
DA:3,1
LF:3
LH:3
BRF:0
BRH:0
end_of_record
